#-----------------------------------------------------------
# Vivado v2018.2 (64-bit)
# SW Build 2258646 on Thu Jun 14 20:03:12 MDT 2018
# IP Build 2256618 on Thu Jun 14 22:10:49 MDT 2018
# Start of session at: Sun Apr 14 19:24:02 2024
# Process ID: 24352
# Current directory: C:/Users/Alexander.Sick/Vivado/ece281-lab4
# Command line: vivado.exe -gui_launcher_event rodinguilauncherevent11412 C:\Users\Alexander.Sick\Vivado\ece281-lab4\elevator_fsm.xpr
# Log file: C:/Users/Alexander.Sick/Vivado/ece281-lab4/vivado.log
# Journal file: C:/Users/Alexander.Sick/Vivado/ece281-lab4\vivado.jou
#-----------------------------------------------------------
start_gui
open_project C:/Users/Alexander.Sick/Vivado/ece281-lab4/elevator_fsm.xpr
Scanning sources...
Finished scanning sources
INFO: [IP_Flow 19-234] Refreshing IP repositories
INFO: [IP_Flow 19-1704] No user IP repositories specified
INFO: [IP_Flow 19-2313] Loaded Vivado IP repository 'C:/Xilinx/Vivado/2018.2/data/ip'.
open_project: Time (s): cpu = 00:00:06 ; elapsed = 00:00:09 . Memory (MB): peak = 809.656 ; gain = 89.113
exit
INFO: [Common 17-206] Exiting Vivado at Sun Apr 14 19:29:09 2024...
