#-----------------------------------------------------------
# Vivado v2018.2 (64-bit)
# SW Build 2258646 on Thu Jun 14 20:03:12 MDT 2018
# IP Build 2256618 on Thu Jun 14 22:10:49 MDT 2018
# Start of session at: Fri Apr 12 09:21:28 2024
# Process ID: 22412
# Current directory: C:/Users/Alexander.Sick/Vivado/ece281-lab4
# Command line: vivado.exe -gui_launcher_event rodinguilauncherevent3096 C:\Users\Alexander.Sick\Vivado\ece281-lab4\elevator_fsm.xpr
# Log file: C:/Users/Alexander.Sick/Vivado/ece281-lab4/vivado.log
# Journal file: C:/Users/Alexander.Sick/Vivado/ece281-lab4\vivado.jou
#-----------------------------------------------------------
start_gui
open_project C:/Users/Alexander.Sick/Vivado/ece281-lab4/elevator_fsm.xpr
Scanning sources...
Finished scanning sources
WARNING: [filemgmt 56-3] IPUserFilesDir: Could not find the directory 'C:/Users/Alexander.Sick/Vivado/ece281-lab4/elevator_fsm.ip_user_files'.
INFO: [IP_Flow 19-234] Refreshing IP repositories
INFO: [IP_Flow 19-1704] No user IP repositories specified
INFO: [IP_Flow 19-2313] Loaded Vivado IP repository 'C:/Xilinx/Vivado/2018.2/data/ip'.
open_project: Time (s): cpu = 00:00:12 ; elapsed = 00:00:14 . Memory (MB): peak = 839.906 ; gain = 115.348
exit
INFO: [Common 17-206] Exiting Vivado at Sat Apr 13 07:47:07 2024...
