#-----------------------------------------------------------
# Vivado v2018.2 (64-bit)
# SW Build 2258646 on Thu Jun 14 20:03:12 MDT 2018
# IP Build 2256618 on Thu Jun 14 22:10:49 MDT 2018
# Start of session at: Tue Apr  9 09:45:23 2024
# Process ID: 18856
# Current directory: C:/Users/Alexander.Sick/Vivado/ece281-lab4
# Command line: vivado.exe -gui_launcher_event rodinguilauncherevent21616 C:\Users\Alexander.Sick\Vivado\ece281-lab4\elevator_fsm.xpr
# Log file: C:/Users/Alexander.Sick/Vivado/ece281-lab4/vivado.log
# Journal file: C:/Users/Alexander.Sick/Vivado/ece281-lab4\vivado.jou
#-----------------------------------------------------------
start_gui
open_project C:/Users/Alexander.Sick/Vivado/ece281-lab4/elevator_fsm.xpr
Scanning sources...
Finished scanning sources
WARNING: [Project 1-509] GeneratedRun file for 'synth_1' not found
WARNING: [filemgmt 56-3] IPUserFilesDir: Could not find the directory 'C:/Users/Alexander.Sick/Vivado/ece281-lab4/elevator_fsm.ip_user_files'.
INFO: [IP_Flow 19-234] Refreshing IP repositories
INFO: [IP_Flow 19-1704] No user IP repositories specified
INFO: [IP_Flow 19-2313] Loaded Vivado IP repository 'C:/Xilinx/Vivado/2018.2/data/ip'.
open_project: Time (s): cpu = 00:00:10 ; elapsed = 00:00:18 . Memory (MB): peak = 786.664 ; gain = 62.566
update_compile_order -fileset sources_1
add_files -norecurse {C:/Users/Alexander.Sick/Vivado/ece281-lab2/src/hdl/sevenSegDecoder.vhd C:/Users/Alexander.Sick/Vivado/ece281-ice5/src/hdl/elevator_controller_fsm.vhd}
update_compile_order -fileset sources_1
update_compile_order -fileset sources_1
set_property source_mgmt_mode DisplayOnly [current_project]
exit
INFO: [Common 17-206] Exiting Vivado at Tue Apr  9 10:29:05 2024...
